2025-08-14 19:17:12,017 - INFO - === Simplified Python 3.13 Upgrade ===
2025-08-14 19:17:12,018 - INFO - Checking for Python 3.13...
2025-08-14 19:17:12,075 - INFO - Found Python 3.13: py -3.13
2025-08-14 19:17:12,077 - INFO - Version: Python 3.13.5
2025-08-14 19:17:12,077 - INFO - Creating backup of current environment...
2025-08-14 19:19:18,241 - INFO - Creating core requirements for Python 3.13...
2025-08-14 19:19:18,243 - INFO - Created core requirements file: requirements_core_313.txt
2025-08-14 19:19:18,244 - INFO - Creating DIA3 environment with Python 3.13...
2025-08-14 19:19:18,741 - INFO - Installing core dependencies...
2025-08-14 19:19:19,110 - ERROR - Failed to install core dependencies: D:\AI\Sentiment\DIA3\Scripts\python.exe: No module named pip

2025-08-14 19:19:28,648 - INFO - === Simplified Python 3.13 Upgrade ===
2025-08-14 19:19:28,648 - INFO - Checking for Python 3.13...
2025-08-14 19:19:28,713 - INFO - Found Python 3.13: py -3.13
2025-08-14 19:19:28,713 - INFO - Version: Python 3.13.5
2025-08-14 19:19:28,713 - INFO - Creating backup of current environment...
2025-08-14 19:21:38,897 - INFO - Creating core requirements for Python 3.13...
2025-08-14 19:21:38,898 - INFO - Created core requirements file: requirements_core_313.txt
2025-08-14 19:21:38,898 - INFO - Creating DIA3 environment with Python 3.13...
2025-08-14 19:21:38,959 - INFO - Installing core dependencies...
2025-08-14 19:21:46,499 - INFO - Validating DIA3 environment...
2025-08-14 19:21:46,538 - INFO - DIA3 Python version: Python 3.13.5
